<?xml version="1.0" encoding="UTF-8"?>
<!-- Generated by org.testng.reporters.JUnitReportReporter -->
<testsuite skipped="0" hostname="Sandeeps-MacBook-Air.local" name="com.qa.hubspot.tests.ContactsPageTest" tests="1" failures="0" timestamp="05 Dec 2019 15:32:03 GMT" time="17.349" errors="0">
  <testcase name="verifyContactsPageTitleTest" time="17.349" classname="com.qa.hubspot.tests.ContactsPageTest"/>
</testsuite> <!-- com.qa.hubspot.tests.ContactsPageTest -->
