<?xml version="1.0" encoding="UTF-8"?>
<!-- Generated by org.testng.reporters.JUnitReportReporter -->
<testsuite skipped="0" hostname="Sandeeps-Air-ceba" name="com.qa.hubspot.tests.HomePageTest" tests="3" failures="0" timestamp="06 Dec 2019 10:42:57 GMT" time="47.863" errors="0">
  <testcase name="verifyHomePageHeaderTest" time="16.291" classname="com.qa.hubspot.tests.HomePageTest"/>
  <testcase name="verifyHomePageTitleTest" time="16.143" classname="com.qa.hubspot.tests.HomePageTest"/>
  <testcase name="verifyLoggedInUserTest" time="15.429" classname="com.qa.hubspot.tests.HomePageTest"/>
</testsuite> <!-- com.qa.hubspot.tests.HomePageTest -->
