<?xml version="1.0" encoding="UTF-8"?>
<!-- Generated by org.testng.reporters.JUnitReportReporter -->
<testsuite skipped="0" hostname="Sandeeps-Air-ceba" name="com.qa.hubspot.tests.ContactsPageTest" tests="1" failures="0" timestamp="06 Dec 2019 10:42:57 GMT" time="19.954" errors="0">
  <testcase name="verifyContactsPageTitleTest" time="19.954" classname="com.qa.hubspot.tests.ContactsPageTest"/>
</testsuite> <!-- com.qa.hubspot.tests.ContactsPageTest -->
