<?xml version="1.0" encoding="UTF-8"?>
<!-- Generated by org.testng.reporters.JUnitReportReporter -->
<testsuite skipped="0" hostname="Sandeeps-Air-ceba" name="com.qa.hubspot.tests.LoginPageTest" tests="3" failures="0" timestamp="06 Dec 2019 10:42:57 GMT" time="35.146" errors="0">
  <testcase name="loginTest" time="13.947" classname="com.qa.hubspot.tests.LoginPageTest"/>
  <testcase name="verifySignUpLinkTest" time="11.608" classname="com.qa.hubspot.tests.LoginPageTest"/>
  <testcase name="verifyLoginPageTitleTest" time="9.591" classname="com.qa.hubspot.tests.LoginPageTest"/>
</testsuite> <!-- com.qa.hubspot.tests.LoginPageTest -->
